{"/Users/nickpritchyk/Desktop/CryptoWebApi/controllers/postsController.ts": {"path":"/Users/nickpritchyk/Desktop/CryptoWebApi/controllers/postsController.ts","statementMap":{"0":{"start":{"line":8,"column":24},"end":{"line":17,"column":2}},"1":{"start":{"line":9,"column":4},"end":{"line":16,"column":5}},"2":{"start":{"line":10,"column":22},"end":{"line":10,"column":45}},"3":{"start":{"line":12,"column":8},"end":{"line":12,"column":23}},"4":{"start":{"line":15,"column":8},"end":{"line":15,"column":58}},"5":{"start":{"line":23,"column":26},"end":{"line":25,"column":2}},"6":{"start":{"line":24,"column":4},"end":{"line":24,"column":29}}},"fnMap":{"0":{"name":"(anonymous_0)","decl":{"start":{"line":8,"column":37},"end":{"line":8,"column":38}},"loc":{"start":{"line":8,"column":76},"end":{"line":17,"column":1}},"line":8},"1":{"name":"(anonymous_1)","decl":{"start":{"line":23,"column":39},"end":{"line":23,"column":40}},"loc":{"start":{"line":23,"column":78},"end":{"line":25,"column":1}},"line":23}},"branchMap":{},"s":{"0":1,"1":0,"2":0,"3":0,"4":0,"5":1,"6":0},"f":{"0":0,"1":0},"b":{},"_coverageSchema":"1a1c01bbd47fc00a2c39e90264f33305004495a9","hash":"9a0411942ab4ecdb7ed238f76e4a9d0bc92e1d30"}
,"/Users/nickpritchyk/Desktop/CryptoWebApi/models/postsModel.ts": {"path":"/Users/nickpritchyk/Desktop/CryptoWebApi/models/postsModel.ts","statementMap":{"0":{"start":{"line":7,"column":26},"end":{"line":9,"column":3}}},"fnMap":{},"branchMap":{},"s":{"0":1},"f":{},"b":{},"_coverageSchema":"1a1c01bbd47fc00a2c39e90264f33305004495a9","hash":"f7b5e0116bdf44addf8654fa0861c62de642a31d"}
}
